2015-12-29 21:56:18.0934 DEBUG -571.583333333333: @@Point @1 (-9.5,-9.5,-9.5) ,Point @2 (-9.5,-9.5,9.5) ,Point @3 (9.5,-9.5,-9.5) ;
2015-12-29 21:56:18.1105 DEBUG 571.583333333333: @@Point @1 (-9.5,-9.5,-9.5) ,Point @2 (-9.5,-9.5,9.5) ,Point @4 (-9.5,9.5,-9.5) ;
2015-12-29 21:56:18.1105 DEBUG -571.583333333333: @@Point @1 (-9.5,-9.5,-9.5) ,Point @3 (9.5,-9.5,-9.5) ,Point @4 (-9.5,9.5,-9.5) ;
2015-12-29 21:56:18.1105 DEBUG -571.583333333333: @@Point @2 (-9.5,-9.5,9.5) ,Point @4 (-9.5,9.5,-9.5) ,Point @7 (-9.5,9.5,9.5) ;
2015-12-29 21:56:18.1105 DEBUG -571.583333333333: @@Point @2 (-9.5,-9.5,9.5) ,Point @7 (-9.5,9.5,9.5) ,Point @8 (9.5,9.5,9.5) ;
2015-12-29 21:56:18.1245 DEBUG 571.583333333333: @@Point @2 (-9.5,-9.5,9.5) ,Point @6 (9.5,-9.5,9.5) ,Point @8 (9.5,9.5,9.5) ;
2015-12-29 21:56:18.1245 DEBUG 571.583333333333: @@Point @2 (-9.5,-9.5,9.5) ,Point @3 (9.5,-9.5,-9.5) ,Point @6 (9.5,-9.5,9.5) ;
2015-12-29 21:56:18.1245 DEBUG 571.583333333333: @@Point @3 (9.5,-9.5,-9.5) ,Point @4 (-9.5,9.5,-9.5) ,Point @5 (9.5,9.5,-9.5) ;
2015-12-29 21:56:18.1245 DEBUG 571.583333333333: @@Point @3 (9.5,-9.5,-9.5) ,Point @5 (9.5,9.5,-9.5) ,Point @8 (9.5,9.5,9.5) ;
2015-12-29 21:56:18.1245 DEBUG -571.583333333333: @@Point @4 (-9.5,9.5,-9.5) ,Point @5 (9.5,9.5,-9.5) ,Point @8 (9.5,9.5,9.5) ;
2015-12-29 21:56:18.1405 DEBUG -571.583333333333: @@Point @3 (9.5,-9.5,-9.5) ,Point @6 (9.5,-9.5,9.5) ,Point @8 (9.5,9.5,9.5) ;
2015-12-29 21:56:18.1405 DEBUG 571.583333333333: @@Point @4 (-9.5,9.5,-9.5) ,Point @7 (-9.5,9.5,9.5) ,Point @8 (9.5,9.5,9.5) ;
2015-12-29 21:57:34.3291 DEBUG 60.1666666666667: @@Point @1 (1,1,1) ,Point @2 (1,1,20) ,Point @3 (20,1,1) ;
2015-12-29 21:57:34.3441 DEBUG -60.1666666666667: @@Point @1 (1,1,1) ,Point @2 (1,1,20) ,Point @4 (1,20,1) ;
2015-12-29 21:57:34.3441 DEBUG 60.1666666666667: @@Point @1 (1,1,1) ,Point @3 (20,1,1) ,Point @4 (1,20,1) ;
2015-12-29 21:57:34.3441 DEBUG 60.1666666666667: @@Point @2 (1,1,20) ,Point @4 (1,20,1) ,Point @7 (1,20,20) ;
2015-12-29 21:57:34.3441 DEBUG -1203.33333333333: @@Point @2 (1,1,20) ,Point @7 (1,20,20) ,Point @8 (20,20,20) ;
2015-12-29 21:57:34.3581 DEBUG 1203.33333333333: @@Point @2 (1,1,20) ,Point @6 (20,1,20) ,Point @8 (20,20,20) ;
2015-12-29 21:57:34.3581 DEBUG -60.1666666666667: @@Point @2 (1,1,20) ,Point @3 (20,1,1) ,Point @6 (20,1,20) ;
2015-12-29 21:57:34.3581 DEBUG -60.1666666666667: @@Point @3 (20,1,1) ,Point @4 (1,20,1) ,Point @5 (20,20,1) ;
2015-12-29 21:57:34.3581 DEBUG 1203.33333333333: @@Point @3 (20,1,1) ,Point @5 (20,20,1) ,Point @8 (20,20,20) ;
2015-12-29 21:57:34.3731 DEBUG -1203.33333333333: @@Point @4 (1,20,1) ,Point @5 (20,20,1) ,Point @8 (20,20,20) ;
2015-12-29 21:57:34.3731 DEBUG -1203.33333333333: @@Point @3 (20,1,1) ,Point @6 (20,1,20) ,Point @8 (20,20,20) ;
2015-12-29 21:57:34.3731 DEBUG 1203.33333333333: @@Point @4 (1,20,1) ,Point @7 (1,20,20) ,Point @8 (20,20,20) ;
2015-12-29 22:06:30.2344 DEBUG 60.1666666666667: @@Point @1 (1,1,1) ,Point @2 (1,1,20) ,Point @3 (20,1,1) ;
2015-12-29 22:06:30.2344 DEBUG -60.1666666666667: @@Point @1 (1,1,1) ,Point @2 (1,1,20) ,Point @4 (1,20,1) ;
2015-12-29 22:06:30.2344 DEBUG 60.1666666666667: @@Point @1 (1,1,1) ,Point @3 (20,1,1) ,Point @4 (1,20,1) ;
2015-12-29 22:06:30.2484 DEBUG 60.1666666666667: @@Point @2 (1,1,20) ,Point @4 (1,20,1) ,Point @7 (1,20,20) ;
2015-12-29 22:06:30.2484 DEBUG -1203.33333333333: @@Point @2 (1,1,20) ,Point @7 (1,20,20) ,Point @8 (20,20,20) ;
2015-12-29 22:06:30.2484 DEBUG 1203.33333333333: @@Point @2 (1,1,20) ,Point @6 (20,1,20) ,Point @8 (20,20,20) ;
2015-12-29 22:06:30.2484 DEBUG -60.1666666666667: @@Point @2 (1,1,20) ,Point @3 (20,1,1) ,Point @6 (20,1,20) ;
2015-12-29 22:06:30.2644 DEBUG -60.1666666666667: @@Point @3 (20,1,1) ,Point @4 (1,20,1) ,Point @5 (20,20,1) ;
2015-12-29 22:06:30.2644 DEBUG 1203.33333333333: @@Point @3 (20,1,1) ,Point @5 (20,20,1) ,Point @8 (20,20,20) ;
2015-12-29 22:06:30.2825 DEBUG -1203.33333333333: @@Point @4 (1,20,1) ,Point @5 (20,20,1) ,Point @8 (20,20,20) ;
2015-12-29 22:06:30.2825 DEBUG -1203.33333333333: @@Point @3 (20,1,1) ,Point @6 (20,1,20) ,Point @8 (20,20,20) ;
2015-12-29 22:06:30.2985 DEBUG 1203.33333333333: @@Point @4 (1,20,1) ,Point @7 (1,20,20) ,Point @8 (20,20,20) ;
2015-12-29 22:07:02.4284 DEBUG -571.583333333333: @@Point @1 (-9.5,-9.5,-9.5) ,Point @2 (-9.5,-9.5,9.5) ,Point @3 (9.5,-9.5,-9.5) ;
2015-12-29 22:07:02.4464 DEBUG 571.583333333333: @@Point @1 (-9.5,-9.5,-9.5) ,Point @2 (-9.5,-9.5,9.5) ,Point @4 (-9.5,9.5,-9.5) ;
2015-12-29 22:07:02.4594 DEBUG -571.583333333333: @@Point @1 (-9.5,-9.5,-9.5) ,Point @3 (9.5,-9.5,-9.5) ,Point @4 (-9.5,9.5,-9.5) ;
2015-12-29 22:07:02.4694 DEBUG -571.583333333333: @@Point @2 (-9.5,-9.5,9.5) ,Point @4 (-9.5,9.5,-9.5) ,Point @7 (-9.5,9.5,9.5) ;
2015-12-29 22:07:02.5164 DEBUG -571.583333333333: @@Point @2 (-9.5,-9.5,9.5) ,Point @7 (-9.5,9.5,9.5) ,Point @8 (9.5,9.5,9.5) ;
2015-12-29 22:07:02.5164 DEBUG 571.583333333333: @@Point @2 (-9.5,-9.5,9.5) ,Point @6 (9.5,-9.5,9.5) ,Point @8 (9.5,9.5,9.5) ;
2015-12-29 22:07:02.5424 DEBUG 571.583333333333: @@Point @2 (-9.5,-9.5,9.5) ,Point @3 (9.5,-9.5,-9.5) ,Point @6 (9.5,-9.5,9.5) ;
2015-12-29 22:07:02.5494 DEBUG 571.583333333333: @@Point @3 (9.5,-9.5,-9.5) ,Point @4 (-9.5,9.5,-9.5) ,Point @5 (9.5,9.5,-9.5) ;
2015-12-29 22:07:02.5494 DEBUG 571.583333333333: @@Point @3 (9.5,-9.5,-9.5) ,Point @5 (9.5,9.5,-9.5) ,Point @8 (9.5,9.5,9.5) ;
2015-12-29 22:07:02.5684 DEBUG -571.583333333333: @@Point @4 (-9.5,9.5,-9.5) ,Point @5 (9.5,9.5,-9.5) ,Point @8 (9.5,9.5,9.5) ;
2015-12-29 22:07:02.5765 DEBUG -571.583333333333: @@Point @3 (9.5,-9.5,-9.5) ,Point @6 (9.5,-9.5,9.5) ,Point @8 (9.5,9.5,9.5) ;
2015-12-29 22:07:02.5765 DEBUG 571.583333333333: @@Point @4 (-9.5,9.5,-9.5) ,Point @7 (-9.5,9.5,9.5) ,Point @8 (9.5,9.5,9.5) ;
2015-12-29 22:09:31.7920 DEBUG -631.75: @@Point @1 (-10.5,-10.5,-10.5) ,Point @2 (-10.5,-10.5,8.5) ,Point @3 (8.5,-10.5,-10.5) ;
2015-12-29 22:09:31.8080 DEBUG 631.75: @@Point @1 (-10.5,-10.5,-10.5) ,Point @2 (-10.5,-10.5,8.5) ,Point @4 (-10.5,8.5,-10.5) ;
2015-12-29 22:09:31.8130 DEBUG -631.75: @@Point @1 (-10.5,-10.5,-10.5) ,Point @3 (8.5,-10.5,-10.5) ,Point @4 (-10.5,8.5,-10.5) ;
2015-12-29 22:09:31.8130 DEBUG -631.75: @@Point @2 (-10.5,-10.5,8.5) ,Point @4 (-10.5,8.5,-10.5) ,Point @7 (-10.5,8.5,8.5) ;
2015-12-29 22:09:31.8130 DEBUG -511.416666666667: @@Point @2 (-10.5,-10.5,8.5) ,Point @7 (-10.5,8.5,8.5) ,Point @8 (8.5,8.5,8.5) ;
2015-12-29 22:09:31.8340 DEBUG 511.416666666667: @@Point @2 (-10.5,-10.5,8.5) ,Point @6 (8.5,-10.5,8.5) ,Point @8 (8.5,8.5,8.5) ;
2015-12-29 22:09:31.8430 DEBUG 631.75: @@Point @2 (-10.5,-10.5,8.5) ,Point @3 (8.5,-10.5,-10.5) ,Point @6 (8.5,-10.5,8.5) ;
2015-12-29 22:09:31.8430 DEBUG 631.75: @@Point @3 (8.5,-10.5,-10.5) ,Point @4 (-10.5,8.5,-10.5) ,Point @5 (8.5,8.5,-10.5) ;
2015-12-29 22:09:31.8610 DEBUG 511.416666666667: @@Point @3 (8.5,-10.5,-10.5) ,Point @5 (8.5,8.5,-10.5) ,Point @8 (8.5,8.5,8.5) ;
2015-12-29 22:09:31.8610 DEBUG -511.416666666667: @@Point @4 (-10.5,8.5,-10.5) ,Point @5 (8.5,8.5,-10.5) ,Point @8 (8.5,8.5,8.5) ;
2015-12-29 22:09:31.8780 DEBUG -511.416666666667: @@Point @3 (8.5,-10.5,-10.5) ,Point @6 (8.5,-10.5,8.5) ,Point @8 (8.5,8.5,8.5) ;
2015-12-29 22:09:31.8780 DEBUG 511.416666666667: @@Point @4 (-10.5,8.5,-10.5) ,Point @7 (-10.5,8.5,8.5) ,Point @8 (8.5,8.5,8.5) ;
2015-12-29 22:10:13.8091 DEBUG -631.75: @@Point @1 (-10.5,-10.5,-10.5) ,Point @2 (-10.5,-10.5,8.5) ,Point @3 (8.5,-10.5,-10.5) ;
2015-12-29 22:10:13.8301 DEBUG 631.75: @@Point @1 (-10.5,-10.5,-10.5) ,Point @2 (-10.5,-10.5,8.5) ,Point @4 (-10.5,8.5,-10.5) ;
2015-12-29 22:10:13.8301 DEBUG -631.75: @@Point @1 (-10.5,-10.5,-10.5) ,Point @3 (8.5,-10.5,-10.5) ,Point @4 (-10.5,8.5,-10.5) ;
2015-12-29 22:10:13.8461 DEBUG -631.75: @@Point @2 (-10.5,-10.5,8.5) ,Point @4 (-10.5,8.5,-10.5) ,Point @7 (-10.5,8.5,8.5) ;
2015-12-29 22:10:13.8461 DEBUG -511.416666666667: @@Point @2 (-10.5,-10.5,8.5) ,Point @7 (-10.5,8.5,8.5) ,Point @8 (8.5,8.5,8.5) ;
2015-12-29 22:10:13.8652 DEBUG 511.416666666667: @@Point @2 (-10.5,-10.5,8.5) ,Point @6 (8.5,-10.5,8.5) ,Point @8 (8.5,8.5,8.5) ;
2015-12-29 22:10:13.8762 DEBUG 631.75: @@Point @2 (-10.5,-10.5,8.5) ,Point @3 (8.5,-10.5,-10.5) ,Point @6 (8.5,-10.5,8.5) ;
2015-12-29 22:10:13.8762 DEBUG 631.75: @@Point @3 (8.5,-10.5,-10.5) ,Point @4 (-10.5,8.5,-10.5) ,Point @5 (8.5,8.5,-10.5) ;
2015-12-29 22:10:13.8762 DEBUG 511.416666666667: @@Point @3 (8.5,-10.5,-10.5) ,Point @5 (8.5,8.5,-10.5) ,Point @8 (8.5,8.5,8.5) ;
2015-12-29 22:10:13.8942 DEBUG -511.416666666667: @@Point @4 (-10.5,8.5,-10.5) ,Point @5 (8.5,8.5,-10.5) ,Point @8 (8.5,8.5,8.5) ;
2015-12-29 22:10:13.9052 DEBUG -511.416666666667: @@Point @3 (8.5,-10.5,-10.5) ,Point @6 (8.5,-10.5,8.5) ,Point @8 (8.5,8.5,8.5) ;
2015-12-29 22:10:13.9202 DEBUG 511.416666666667: @@Point @4 (-10.5,8.5,-10.5) ,Point @7 (-10.5,8.5,8.5) ,Point @8 (8.5,8.5,8.5) ;
2015-12-29 22:12:24.2243 DEBUG -1143.16666666667: @@Point @1 (-10.5,-29.5,-10.5) ,Point @2 (-10.5,-10.5,8.5) ,Point @3 (8.5,-29.5,-10.5) ;
2015-12-29 22:12:24.2243 DEBUG 1895.25: @@Point @1 (-10.5,-29.5,-10.5) ,Point @2 (-10.5,-10.5,8.5) ,Point @4 (-10.5,27.5,-10.5) ;
2015-12-29 22:12:24.2343 DEBUG -1895.25: @@Point @1 (-10.5,-29.5,-10.5) ,Point @3 (8.5,-29.5,-10.5) ,Point @4 (-10.5,27.5,-10.5) ;
2015-12-29 22:12:24.2343 DEBUG -631.75: @@Point @2 (-10.5,-10.5,8.5) ,Point @4 (-10.5,27.5,-10.5) ,Point @7 (-10.5,8.5,8.5) ;
2015-12-29 22:12:24.2494 DEBUG -511.416666666667: @@Point @2 (-10.5,-10.5,8.5) ,Point @7 (-10.5,8.5,8.5) ,Point @8 (8.5,8.5,8.5) ;
2015-12-29 22:12:24.2494 DEBUG 511.416666666667: @@Point @2 (-10.5,-10.5,8.5) ,Point @6 (8.5,-10.5,8.5) ,Point @8 (8.5,8.5,8.5) ;
2015-12-29 22:12:24.2654 DEBUG 1143.16666666667: @@Point @2 (-10.5,-10.5,8.5) ,Point @3 (8.5,-29.5,-10.5) ,Point @6 (8.5,-10.5,8.5) ;
2015-12-29 22:12:24.2654 DEBUG 1895.25: @@Point @3 (8.5,-29.5,-10.5) ,Point @4 (-10.5,27.5,-10.5) ,Point @5 (8.5,27.5,-10.5) ;
2015-12-29 22:12:24.2794 DEBUG 1534.25: @@Point @3 (8.5,-29.5,-10.5) ,Point @5 (8.5,27.5,-10.5) ,Point @8 (8.5,8.5,8.5) ;
2015-12-29 22:12:24.2794 DEBUG -1022.83333333333: @@Point @4 (-10.5,27.5,-10.5) ,Point @5 (8.5,27.5,-10.5) ,Point @8 (8.5,8.5,8.5) ;
2015-12-29 22:12:24.3034 DEBUG -511.416666666667: @@Point @3 (8.5,-29.5,-10.5) ,Point @6 (8.5,-10.5,8.5) ,Point @8 (8.5,8.5,8.5) ;
2015-12-29 22:12:24.3154 DEBUG 1022.83333333333: @@Point @4 (-10.5,27.5,-10.5) ,Point @7 (-10.5,8.5,8.5) ,Point @8 (8.5,8.5,8.5) ;
2015-12-29 22:15:11.4361 DEBUG -1143.16666666667: @@Point @1 (-15.25,-29.5,-10.5) ,Point @2 (-15.25,-10.5,8.5) ,Point @3 (3.75,-29.5,-10.5) ;
2015-12-29 22:15:11.4361 DEBUG 2752.625: @@Point @1 (-15.25,-29.5,-10.5) ,Point @2 (-15.25,-10.5,8.5) ,Point @4 (-15.25,27.5,-10.5) ;
2015-12-29 22:15:11.4361 DEBUG -1895.25: @@Point @1 (-15.25,-29.5,-10.5) ,Point @3 (3.75,-29.5,-10.5) ,Point @4 (-15.25,27.5,-10.5) ;
2015-12-29 22:15:11.4541 DEBUG -917.541666666667: @@Point @2 (-15.25,-10.5,8.5) ,Point @4 (-15.25,27.5,-10.5) ,Point @7 (-15.25,8.5,8.5) ;
2015-12-29 22:15:11.4541 DEBUG -1022.83333333333: @@Point @2 (-15.25,-10.5,8.5) ,Point @7 (-15.25,8.5,8.5) ,Point @8 (22.75,8.5,8.5) ;
2015-12-29 22:15:11.4721 DEBUG 1022.83333333333: @@Point @2 (-15.25,-10.5,8.5) ,Point @6 (22.75,-10.5,8.5) ,Point @8 (22.75,8.5,8.5) ;
2015-12-29 22:15:11.4721 DEBUG 2286.33333333333: @@Point @2 (-15.25,-10.5,8.5) ,Point @3 (3.75,-29.5,-10.5) ,Point @6 (22.75,-10.5,8.5) ;
2015-12-29 22:15:11.4822 DEBUG 1895.25: @@Point @3 (3.75,-29.5,-10.5) ,Point @4 (-15.25,27.5,-10.5) ,Point @5 (3.75,27.5,-10.5) ;
2015-12-29 22:15:11.4822 DEBUG 2572.125: @@Point @3 (3.75,-29.5,-10.5) ,Point @5 (3.75,27.5,-10.5) ,Point @8 (22.75,8.5,8.5) ;
2015-12-29 22:15:11.4992 DEBUG -1022.83333333333: @@Point @4 (-15.25,27.5,-10.5) ,Point @5 (3.75,27.5,-10.5) ,Point @8 (22.75,8.5,8.5) ;
2015-12-29 22:15:11.5142 DEBUG -857.375: @@Point @3 (3.75,-29.5,-10.5) ,Point @6 (22.75,-10.5,8.5) ,Point @8 (22.75,8.5,8.5) ;
2015-12-29 22:15:11.5322 DEBUG 2045.66666666667: @@Point @4 (-15.25,27.5,-10.5) ,Point @7 (-15.25,8.5,8.5) ,Point @8 (22.75,8.5,8.5) ;
